<html>
<head>
<title>TestNG:  Computer Order flows</title>
<link href="../testng.css" rel="stylesheet" type="text/css" />
<link href="../my-testng.css" rel="stylesheet" type="text/css" />

<style type="text/css">
.log { display: none;} 
.stack-trace { display: none;} 
</style>
<script type="text/javascript">
<!--
function flip(e) {
  current = e.style.display;
  if (current == 'block') {
    e.style.display = 'none';
    return 0;
  }
  else {
    e.style.display = 'block';
    return 1;
  }
}

function toggleBox(szDivId, elem, msg1, msg2)
{
  var res = -1;  if (document.getElementById) {
    res = flip(document.getElementById(szDivId));
  }
  else if (document.all) {
    // this is the way old msie versions work
    res = flip(document.all[szDivId]);
  }
  if(elem) {
    if(res == 0) elem.innerHTML = msg1; else elem.innerHTML = msg2;
  }

}

function toggleAllBoxes() {
  if (document.getElementsByTagName) {
    d = document.getElementsByTagName('div');
    for (i = 0; i < d.length; i++) {
      if (d[i].className == 'log') {
        flip(d[i]);
      }
    }
  }
}

// -->
</script>

</head>
<body>
<h2 align='center'>Computer Order flows</h2><table border='1' align="center">
<tr>
<td>Tests passed/Failed/Skipped:</td><td>3/3/0</td>
</tr><tr>
<td>Started on:</td><td>Wed Oct 13 18:43:48 CDT 2021</td>
</tr>
<tr><td>Total time:</td><td>15 seconds (15104 ms)</td>
</tr><tr>
<td>Included groups:</td><td></td>
</tr><tr>
<td>Excluded groups:</td><td></td>
</tr>
</table><p/>
<small><i>(Hover the method name to see the test class name)</i></small><p/>
<table width='100%' border='1' class='invocation-failed'>
<tr><td colspan='4' align='center'><b>FAILED TESTS</b></td></tr>
<tr><td><b>Test method</b></td>
<td width="30%"><b>Exception</b></td>
<td width="10%"><b>Time (seconds)</b></td>
<td><b>Instance</b></td>
</tr>
<tr>
<td title='tests.order.BuildStandardComputerTest.testBuildingStandardComputer()'><b>testBuildingStandardComputer</b><br>Test class: tests.order.BuildStandardComputerTest<br>Test method: Buying a standard computer<br>Parameters: CheapComputer{processorType='INTEL_22_GHZ', ram='RAM_8GB', hdd='HDD_400GB', os='null', software='null'}</td>
<td><div><pre>java.lang.AssertionError: [ERR] Total price is not correct! expected [960.0] but found [1410.0]
	at testflows.order.computer.BuyingComputerFlow.verifyComputerAdded(BuyingComputerFlow.java:68)
	at tests.order.BuildStandardComputerTest.testBuildingStandardComputer(BuildStandardComputerTest.java:29)
	at java.util.concurrent.ThreadPoolExecutor.runWorker(ThreadPoolExecutor.java:1149)
	at java.util.concurrent.ThreadPoolExecutor$Worker.run(ThreadPoolExecutor.java:624)
	at java.lang.Thread.run(Thread.java:748)
... Removed 15 stack frames</pre></div><a href='#' onClick='toggleBox("stack-trace825578292", this, "Click to show all stack frames", "Click to hide stack frames")'>Click to show all stack frames</a>
<div class='stack-trace' id='stack-trace825578292'><pre>java.lang.AssertionError: [ERR] Total price is not correct! expected [960.0] but found [1410.0]
	at org.testng.Assert.fail(Assert.java:99)
	at org.testng.Assert.failNotEquals(Assert.java:1037)
	at org.testng.Assert.assertEquals(Assert.java:701)
	at testflows.order.computer.BuyingComputerFlow.verifyComputerAdded(BuyingComputerFlow.java:68)
	at tests.order.BuildStandardComputerTest.testBuildingStandardComputer(BuildStandardComputerTest.java:29)
	at sun.reflect.NativeMethodAccessorImpl.invoke0(Native Method)
	at sun.reflect.NativeMethodAccessorImpl.invoke(NativeMethodAccessorImpl.java:62)
	at sun.reflect.DelegatingMethodAccessorImpl.invoke(DelegatingMethodAccessorImpl.java:43)
	at java.lang.reflect.Method.invoke(Method.java:498)
	at org.testng.internal.MethodInvocationHelper.invokeMethod(MethodInvocationHelper.java:133)
	at org.testng.internal.TestInvoker.invokeMethod(TestInvoker.java:598)
	at org.testng.internal.TestInvoker.invokeTestMethod(TestInvoker.java:173)
	at org.testng.internal.MethodRunner.runInSequence(MethodRunner.java:46)
	at org.testng.internal.TestInvoker$MethodInvocationAgent.invoke(TestInvoker.java:824)
	at org.testng.internal.TestInvoker.invokeTestMethods(TestInvoker.java:146)
	at org.testng.internal.TestMethodWorker.invokeTestMethods(TestMethodWorker.java:146)
	at org.testng.internal.TestMethodWorker.run(TestMethodWorker.java:128)
	at java.util.concurrent.ThreadPoolExecutor.runWorker(ThreadPoolExecutor.java:1149)
	at java.util.concurrent.ThreadPoolExecutor$Worker.run(ThreadPoolExecutor.java:624)
	at java.lang.Thread.run(Thread.java:748)
</pre></div></td>
<td>9</td>
<td>tests.order.BuildStandardComputerTest@4a067c25</td></tr>
<tr>
<td title='tests.order.BuildStandardComputerTest.testBuildingStandardComputer()'><b>testBuildingStandardComputer</b><br>Test class: tests.order.BuildStandardComputerTest<br>Test method: Buying a standard computer<br>Parameters: CheapComputer{processorType='INTEL_22_GHZ', ram='RAM_2GB', hdd='HDD_400GB', os='null', software='null'}</td>
<td><div><pre>java.lang.AssertionError: [ERR] Total price is not correct! expected [900.0] but found [1350.0]
	at testflows.order.computer.BuyingComputerFlow.verifyComputerAdded(BuyingComputerFlow.java:68)
	at tests.order.BuildStandardComputerTest.testBuildingStandardComputer(BuildStandardComputerTest.java:29)
	at java.util.concurrent.ThreadPoolExecutor.runWorker(ThreadPoolExecutor.java:1149)
	at java.util.concurrent.ThreadPoolExecutor$Worker.run(ThreadPoolExecutor.java:624)
	at java.lang.Thread.run(Thread.java:748)
... Removed 15 stack frames</pre></div><a href='#' onClick='toggleBox("stack-trace1867594902", this, "Click to show all stack frames", "Click to hide stack frames")'>Click to show all stack frames</a>
<div class='stack-trace' id='stack-trace1867594902'><pre>java.lang.AssertionError: [ERR] Total price is not correct! expected [900.0] but found [1350.0]
	at org.testng.Assert.fail(Assert.java:99)
	at org.testng.Assert.failNotEquals(Assert.java:1037)
	at org.testng.Assert.assertEquals(Assert.java:701)
	at testflows.order.computer.BuyingComputerFlow.verifyComputerAdded(BuyingComputerFlow.java:68)
	at tests.order.BuildStandardComputerTest.testBuildingStandardComputer(BuildStandardComputerTest.java:29)
	at sun.reflect.NativeMethodAccessorImpl.invoke0(Native Method)
	at sun.reflect.NativeMethodAccessorImpl.invoke(NativeMethodAccessorImpl.java:62)
	at sun.reflect.DelegatingMethodAccessorImpl.invoke(DelegatingMethodAccessorImpl.java:43)
	at java.lang.reflect.Method.invoke(Method.java:498)
	at org.testng.internal.MethodInvocationHelper.invokeMethod(MethodInvocationHelper.java:133)
	at org.testng.internal.TestInvoker.invokeMethod(TestInvoker.java:598)
	at org.testng.internal.TestInvoker.invokeTestMethod(TestInvoker.java:173)
	at org.testng.internal.MethodRunner.runInSequence(MethodRunner.java:46)
	at org.testng.internal.TestInvoker$MethodInvocationAgent.invoke(TestInvoker.java:824)
	at org.testng.internal.TestInvoker.invokeTestMethods(TestInvoker.java:146)
	at org.testng.internal.TestMethodWorker.invokeTestMethods(TestMethodWorker.java:146)
	at org.testng.internal.TestMethodWorker.run(TestMethodWorker.java:128)
	at java.util.concurrent.ThreadPoolExecutor.runWorker(ThreadPoolExecutor.java:1149)
	at java.util.concurrent.ThreadPoolExecutor$Worker.run(ThreadPoolExecutor.java:624)
	at java.lang.Thread.run(Thread.java:748)
</pre></div></td>
<td>2</td>
<td>tests.order.BuildStandardComputerTest@4a067c25</td></tr>
<tr>
<td title='tests.order.BuildStandardComputerTest.testBuildingStandardComputer()'><b>testBuildingStandardComputer</b><br>Test class: tests.order.BuildStandardComputerTest<br>Test method: Buying a standard computer<br>Parameters: CheapComputer{processorType='INTEL_25_GHZ', ram='RAM_4GB', hdd='HDD_400GB', os='null', software='null'}</td>
<td><div><pre>java.lang.AssertionError: [ERR] Total price is not correct! expected [935.0] but found [1385.0]
	at testflows.order.computer.BuyingComputerFlow.verifyComputerAdded(BuyingComputerFlow.java:68)
	at tests.order.BuildStandardComputerTest.testBuildingStandardComputer(BuildStandardComputerTest.java:29)
	at java.util.concurrent.ThreadPoolExecutor.runWorker(ThreadPoolExecutor.java:1149)
	at java.util.concurrent.ThreadPoolExecutor$Worker.run(ThreadPoolExecutor.java:624)
	at java.lang.Thread.run(Thread.java:748)
... Removed 15 stack frames</pre></div><a href='#' onClick='toggleBox("stack-trace1219416128", this, "Click to show all stack frames", "Click to hide stack frames")'>Click to show all stack frames</a>
<div class='stack-trace' id='stack-trace1219416128'><pre>java.lang.AssertionError: [ERR] Total price is not correct! expected [935.0] but found [1385.0]
	at org.testng.Assert.fail(Assert.java:99)
	at org.testng.Assert.failNotEquals(Assert.java:1037)
	at org.testng.Assert.assertEquals(Assert.java:701)
	at testflows.order.computer.BuyingComputerFlow.verifyComputerAdded(BuyingComputerFlow.java:68)
	at tests.order.BuildStandardComputerTest.testBuildingStandardComputer(BuildStandardComputerTest.java:29)
	at sun.reflect.NativeMethodAccessorImpl.invoke0(Native Method)
	at sun.reflect.NativeMethodAccessorImpl.invoke(NativeMethodAccessorImpl.java:62)
	at sun.reflect.DelegatingMethodAccessorImpl.invoke(DelegatingMethodAccessorImpl.java:43)
	at java.lang.reflect.Method.invoke(Method.java:498)
	at org.testng.internal.MethodInvocationHelper.invokeMethod(MethodInvocationHelper.java:133)
	at org.testng.internal.TestInvoker.invokeMethod(TestInvoker.java:598)
	at org.testng.internal.TestInvoker.invokeTestMethod(TestInvoker.java:173)
	at org.testng.internal.MethodRunner.runInSequence(MethodRunner.java:46)
	at org.testng.internal.TestInvoker$MethodInvocationAgent.invoke(TestInvoker.java:824)
	at org.testng.internal.TestInvoker.invokeTestMethods(TestInvoker.java:146)
	at org.testng.internal.TestMethodWorker.invokeTestMethods(TestMethodWorker.java:146)
	at org.testng.internal.TestMethodWorker.run(TestMethodWorker.java:128)
	at java.util.concurrent.ThreadPoolExecutor.runWorker(ThreadPoolExecutor.java:1149)
	at java.util.concurrent.ThreadPoolExecutor$Worker.run(ThreadPoolExecutor.java:624)
	at java.lang.Thread.run(Thread.java:748)
</pre></div></td>
<td>1</td>
<td>tests.order.BuildStandardComputerTest@4a067c25</td></tr>
</table><p>
<table width='100%' border='1' class='invocation-passed'>
<tr><td colspan='4' align='center'><b>PASSED TESTS</b></td></tr>
<tr><td><b>Test method</b></td>
<td width="30%"><b>Exception</b></td>
<td width="10%"><b>Time (seconds)</b></td>
<td><b>Instance</b></td>
</tr>
<tr>
<td title='tests.order.BuildCheapComputerTest.testBuildingCheapComputer()'><b>testBuildingCheapComputer</b><br>Test class: tests.order.BuildCheapComputerTest<br>Test method: Buying a cheap computer<br>Parameters: CheapComputer{processorType='PROCESSOR_FAST', ram='RAM_2GB', hdd='HDD_400GB', os='null', software='null'}</td>
<td></td>
<td>2</td>
<td>tests.order.BuildCheapComputerTest@4089713</td></tr>
<tr>
<td title='tests.order.BuildCheapComputerTest.testBuildingCheapComputer()'><b>testBuildingCheapComputer</b><br>Test class: tests.order.BuildCheapComputerTest<br>Test method: Buying a cheap computer<br>Parameters: CheapComputer{processorType='PROCESSOR_FAST', ram='RAM_8GB', hdd='HDD_400GB', os='null', software='null'}</td>
<td></td>
<td>8</td>
<td>tests.order.BuildCheapComputerTest@4089713</td></tr>
<tr>
<td title='tests.order.BuildCheapComputerTest.testBuildingCheapComputer()'><b>testBuildingCheapComputer</b><br>Test class: tests.order.BuildCheapComputerTest<br>Test method: Buying a cheap computer<br>Parameters: CheapComputer{processorType='PROCESSOR_FAST', ram='RAM_4GB', hdd='HDD_400GB', os='null', software='null'}</td>
<td></td>
<td>2</td>
<td>tests.order.BuildCheapComputerTest@4089713</td></tr>
</table><p>
</body>
</html>