<?xml version="1.0" encoding="UTF-8"?>
<!-- Generated by org.testng.reporters.JUnitXMLReporter -->
<testsuite hostname="Tuyens-MacBook-Pro-4.local" ignored="2" name="Computer Order flows" tests="6" failures="3" timestamp="2021-10-13T18:44:03 CDT" time="15.104" errors="0">
  <testcase name="testBuildingCheapComputer" time="8.921" classname="tests.order.BuildCheapComputerTest"/>
  <testcase name="testBuildingStandardComputer" time="9.349" classname="tests.order.BuildStandardComputerTest">
    <failure type="java.lang.AssertionError" message="[ERR] Total price is not correct! expected [960.0] but found [1410.0]">
      <![CDATA[java.lang.AssertionError: [ERR] Total price is not correct! expected [960.0] but found [1410.0]
at testflows.order.computer.BuyingComputerFlow.verifyComputerAdded(BuyingComputerFlow.java:68)
at tests.order.BuildStandardComputerTest.testBuildingStandardComputer(BuildStandardComputerTest.java:29)
at java.util.concurrent.ThreadPoolExecutor.runWorker(ThreadPoolExecutor.java:1149)
at java.util.concurrent.ThreadPoolExecutor$Worker.run(ThreadPoolExecutor.java:624)
at java.lang.Thread.run(Thread.java:748)
... Removed 15 stack frames]]>
    </failure>
  </testcase> <!-- testBuildingStandardComputer -->
  <testcase name="testBuildingCheapComputer" time="2.778" classname="tests.order.BuildCheapComputerTest"/>
  <testcase name="testBuildingStandardComputer" time="1.972" classname="tests.order.BuildStandardComputerTest">
    <failure type="java.lang.AssertionError" message="[ERR] Total price is not correct! expected [935.0] but found [1385.0]">
      <![CDATA[java.lang.AssertionError: [ERR] Total price is not correct! expected [935.0] but found [1385.0]
at testflows.order.computer.BuyingComputerFlow.verifyComputerAdded(BuyingComputerFlow.java:68)
at tests.order.BuildStandardComputerTest.testBuildingStandardComputer(BuildStandardComputerTest.java:29)
at java.util.concurrent.ThreadPoolExecutor.runWorker(ThreadPoolExecutor.java:1149)
at java.util.concurrent.ThreadPoolExecutor$Worker.run(ThreadPoolExecutor.java:624)
at java.lang.Thread.run(Thread.java:748)
... Removed 15 stack frames]]>
    </failure>
  </testcase> <!-- testBuildingStandardComputer -->
  <testcase name="testBuildingCheapComputer" time="2.071" classname="tests.order.BuildCheapComputerTest"/>
  <testcase name="testBuildingStandardComputer" time="2.057" classname="tests.order.BuildStandardComputerTest">
    <failure type="java.lang.AssertionError" message="[ERR] Total price is not correct! expected [900.0] but found [1350.0]">
      <![CDATA[java.lang.AssertionError: [ERR] Total price is not correct! expected [900.0] but found [1350.0]
at testflows.order.computer.BuyingComputerFlow.verifyComputerAdded(BuyingComputerFlow.java:68)
at tests.order.BuildStandardComputerTest.testBuildingStandardComputer(BuildStandardComputerTest.java:29)
at java.util.concurrent.ThreadPoolExecutor.runWorker(ThreadPoolExecutor.java:1149)
at java.util.concurrent.ThreadPoolExecutor$Worker.run(ThreadPoolExecutor.java:624)
at java.lang.Thread.run(Thread.java:748)
... Removed 15 stack frames]]>
    </failure>
  </testcase> <!-- testBuildingStandardComputer -->
  <testcase name="@AfterSuite clearCookies" time="0.0" classname="tests.BaseTest">
    <ignored/>
  </testcase> <!-- @AfterSuite clearCookies -->
  <testcase name="@BeforeSuite instantiateDriverObject" time="0.0" classname="tests.BaseTest">
    <ignored/>
  </testcase> <!-- @BeforeSuite instantiateDriverObject -->
</testsuite> <!-- Computer Order flows -->
