{
  "uid" : "48a7ea511180e863",
  "name" : "Buying a standard computer",
  "fullName" : "tests.order.BuildStandardComputerTest.testBuildingStandardComputer",
  "historyId" : "adac7c349dacd2a959f4178ee20ad263",
  "time" : {
    "start" : 1634166755006,
    "stop" : 1634166757075,
    "duration" : 2069
  },
  "description" : "Using a set of utils.data with different computer specs and check total price in cart",
  "descriptionHtml" : "<p>Using a set of utils.data with different computer specs and check total price in cart</p>\n",
  "status" : "failed",
  "statusMessage" : "[ERR] Total price is not correct! expected [935.0] but found [1385.0]",
  "statusTrace" : "java.lang.AssertionError: [ERR] Total price is not correct! expected [935.0] but found [1385.0]\n\tat org.testng.Assert.fail(Assert.java:99)\n\tat org.testng.Assert.failNotEquals(Assert.java:1037)\n\tat org.testng.Assert.assertEquals(Assert.java:701)\n\tat testflows.order.computer.BuyingComputerFlow.verifyComputerAdded(BuyingComputerFlow.java:68)\n\tat tests.order.BuildStandardComputerTest.testBuildingStandardComputer(BuildStandardComputerTest.java:29)\n\tat sun.reflect.NativeMethodAccessorImpl.invoke0(Native Method)\n\tat sun.reflect.NativeMethodAccessorImpl.invoke(NativeMethodAccessorImpl.java:62)\n\tat sun.reflect.DelegatingMethodAccessorImpl.invoke(DelegatingMethodAccessorImpl.java:43)\n\tat java.lang.reflect.Method.invoke(Method.java:498)\n\tat org.testng.internal.MethodInvocationHelper.invokeMethod(MethodInvocationHelper.java:133)\n\tat org.testng.internal.TestInvoker.invokeMethod(TestInvoker.java:598)\n\tat org.testng.internal.TestInvoker.invokeTestMethod(TestInvoker.java:173)\n\tat org.testng.internal.MethodRunner.runInSequence(MethodRunner.java:46)\n\tat org.testng.internal.TestInvoker$MethodInvocationAgent.invoke(TestInvoker.java:824)\n\tat org.testng.internal.TestInvoker.invokeTestMethods(TestInvoker.java:146)\n\tat org.testng.internal.TestMethodWorker.invokeTestMethods(TestMethodWorker.java:146)\n\tat org.testng.internal.TestMethodWorker.run(TestMethodWorker.java:128)\n\tat java.util.concurrent.ThreadPoolExecutor.runWorker(ThreadPoolExecutor.java:1149)\n\tat java.util.concurrent.ThreadPoolExecutor$Worker.run(ThreadPoolExecutor.java:624)\n\tat java.lang.Thread.run(Thread.java:748)\n",
  "flaky" : false,
  "newFailed" : false,
  "beforeStages" : [ {
    "name" : "instantiateDriverObject",
    "time" : {
      "start" : 1634166742415,
      "stop" : 1634166742424,
      "duration" : 9
    },
    "description" : "",
    "status" : "passed",
    "steps" : [ ],
    "attachments" : [ ],
    "parameters" : [ ],
    "stepsCount" : 0,
    "attachmentsCount" : 0,
    "shouldDisplayMessage" : false,
    "hasContent" : false
  } ],
  "testStage" : {
    "description" : "Using a set of utils.data with different computer specs and check total price in cart",
    "status" : "failed",
    "statusMessage" : "[ERR] Total price is not correct! expected [935.0] but found [1385.0]",
    "statusTrace" : "java.lang.AssertionError: [ERR] Total price is not correct! expected [935.0] but found [1385.0]\n\tat org.testng.Assert.fail(Assert.java:99)\n\tat org.testng.Assert.failNotEquals(Assert.java:1037)\n\tat org.testng.Assert.assertEquals(Assert.java:701)\n\tat testflows.order.computer.BuyingComputerFlow.verifyComputerAdded(BuyingComputerFlow.java:68)\n\tat tests.order.BuildStandardComputerTest.testBuildingStandardComputer(BuildStandardComputerTest.java:29)\n\tat sun.reflect.NativeMethodAccessorImpl.invoke0(Native Method)\n\tat sun.reflect.NativeMethodAccessorImpl.invoke(NativeMethodAccessorImpl.java:62)\n\tat sun.reflect.DelegatingMethodAccessorImpl.invoke(DelegatingMethodAccessorImpl.java:43)\n\tat java.lang.reflect.Method.invoke(Method.java:498)\n\tat org.testng.internal.MethodInvocationHelper.invokeMethod(MethodInvocationHelper.java:133)\n\tat org.testng.internal.TestInvoker.invokeMethod(TestInvoker.java:598)\n\tat org.testng.internal.TestInvoker.invokeTestMethod(TestInvoker.java:173)\n\tat org.testng.internal.MethodRunner.runInSequence(MethodRunner.java:46)\n\tat org.testng.internal.TestInvoker$MethodInvocationAgent.invoke(TestInvoker.java:824)\n\tat org.testng.internal.TestInvoker.invokeTestMethods(TestInvoker.java:146)\n\tat org.testng.internal.TestMethodWorker.invokeTestMethods(TestMethodWorker.java:146)\n\tat org.testng.internal.TestMethodWorker.run(TestMethodWorker.java:128)\n\tat java.util.concurrent.ThreadPoolExecutor.runWorker(ThreadPoolExecutor.java:1149)\n\tat java.util.concurrent.ThreadPoolExecutor$Worker.run(ThreadPoolExecutor.java:624)\n\tat java.lang.Thread.run(Thread.java:748)\n",
    "steps" : [ {
      "name" : "Select Processor type as INTEL_25_GHZ",
      "time" : {
        "start" : 1634166755744,
        "stop" : 1634166755835,
        "duration" : 91
      },
      "status" : "passed",
      "steps" : [ ],
      "attachments" : [ ],
      "parameters" : [ {
        "name" : "type",
        "value" : "INTEL_25_GHZ"
      } ],
      "stepsCount" : 0,
      "attachmentsCount" : 0,
      "shouldDisplayMessage" : false,
      "hasContent" : true
    }, {
      "name" : "Select ram capability as RAM_4GB",
      "time" : {
        "start" : 1634166755835,
        "stop" : 1634166755948,
        "duration" : 113
      },
      "status" : "passed",
      "steps" : [ ],
      "attachments" : [ ],
      "parameters" : [ {
        "name" : "type",
        "value" : "RAM_4GB"
      } ],
      "stepsCount" : 0,
      "attachmentsCount" : 0,
      "shouldDisplayMessage" : false,
      "hasContent" : true
    }, {
      "name" : "Select HDD with value HDD_400GB",
      "time" : {
        "start" : 1634166755949,
        "stop" : 1634166755989,
        "duration" : 40
      },
      "status" : "passed",
      "steps" : [ ],
      "attachments" : [ ],
      "parameters" : [ {
        "name" : "type",
        "value" : "HDD_400GB"
      } ],
      "stepsCount" : 0,
      "attachmentsCount" : 0,
      "shouldDisplayMessage" : false,
      "hasContent" : true
    }, {
      "name" : "Click on [Add to cart]",
      "time" : {
        "start" : 1634166755990,
        "stop" : 1634166756037,
        "duration" : 47
      },
      "status" : "passed",
      "steps" : [ ],
      "attachments" : [ ],
      "parameters" : [ ],
      "stepsCount" : 0,
      "attachmentsCount" : 0,
      "shouldDisplayMessage" : false,
      "hasContent" : false
    }, {
      "name" : "Wait for item added to cart",
      "time" : {
        "start" : 1634166756037,
        "stop" : 1634166756388,
        "duration" : 351
      },
      "status" : "passed",
      "steps" : [ {
        "name" : "Wait for item added to cart",
        "time" : {
          "start" : 1634166756037,
          "stop" : 1634166756388,
          "duration" : 351
        },
        "status" : "passed",
        "steps" : [ ],
        "attachments" : [ ],
        "parameters" : [ ],
        "stepsCount" : 0,
        "attachmentsCount" : 0,
        "shouldDisplayMessage" : false,
        "hasContent" : false
      } ],
      "attachments" : [ ],
      "parameters" : [ ],
      "stepsCount" : 1,
      "attachmentsCount" : 0,
      "shouldDisplayMessage" : false,
      "hasContent" : true
    }, {
      "name" : "Get current total price",
      "time" : {
        "start" : 1634166757048,
        "stop" : 1634166757074,
        "duration" : 26
      },
      "status" : "passed",
      "steps" : [ ],
      "attachments" : [ ],
      "parameters" : [ ],
      "stepsCount" : 0,
      "attachmentsCount" : 0,
      "shouldDisplayMessage" : false,
      "hasContent" : false
    } ],
    "attachments" : [ ],
    "parameters" : [ ],
    "stepsCount" : 7,
    "attachmentsCount" : 0,
    "shouldDisplayMessage" : true,
    "hasContent" : true
  },
  "afterStages" : [ {
    "name" : "afterMethod",
    "time" : {
      "start" : 1634166757076,
      "stop" : 1634166757483,
      "duration" : 407
    },
    "description" : "",
    "status" : "passed",
    "steps" : [ ],
    "attachments" : [ {
      "uid" : "58a946474077b44f",
      "name" : "testBuildingStandardComputer",
      "source" : "58a946474077b44f.png",
      "type" : "image/png",
      "size" : 294085
    } ],
    "parameters" : [ ],
    "stepsCount" : 0,
    "attachmentsCount" : 1,
    "shouldDisplayMessage" : false,
    "hasContent" : true
  }, {
    "name" : "clearCookies",
    "time" : {
      "start" : 1634166760311,
      "stop" : 1634166760490,
      "duration" : 179
    },
    "description" : "",
    "status" : "passed",
    "steps" : [ ],
    "attachments" : [ ],
    "parameters" : [ ],
    "stepsCount" : 0,
    "attachmentsCount" : 0,
    "shouldDisplayMessage" : false,
    "hasContent" : false
  } ],
  "labels" : [ {
    "name" : "package",
    "value" : "tests.order.BuildStandardComputerTest"
  }, {
    "name" : "testClass",
    "value" : "tests.order.BuildStandardComputerTest"
  }, {
    "name" : "testMethod",
    "value" : "testBuildingStandardComputer"
  }, {
    "name" : "parentSuite",
    "value" : "Regression"
  }, {
    "name" : "suite",
    "value" : "Computer Order flows"
  }, {
    "name" : "subSuite",
    "value" : "tests.order.BuildStandardComputerTest"
  }, {
    "name" : "host",
    "value" : "Tuyens-MacBook-Pro-4.local"
  }, {
    "name" : "thread",
    "value" : "50793@Tuyens-MacBook-Pro-4.local.TestNG-test=Computer Order flows-2(16)"
  }, {
    "name" : "framework",
    "value" : "testng"
  }, {
    "name" : "language",
    "value" : "java"
  }, {
    "name" : "resultFormat",
    "value" : "allure2"
  } ],
  "parameters" : [ {
    "name" : "arg0",
    "value" : "CheapComputer{processorType='INTEL_25_GHZ', ram='RAM_4GB', hdd='HDD_400GB', os='null', software='null'}"
  } ],
  "links" : [ ],
  "hidden" : false,
  "retry" : false,
  "extra" : {
    "severity" : "normal",
    "retries" : [ ],
    "categories" : [ {
      "name" : "Product defects",
      "matchedStatuses" : [ ],
      "flaky" : false
    } ],
    "tags" : [ ]
  },
  "source" : "48a7ea511180e863.json",
  "parameterValues" : [ "CheapComputer{processorType='INTEL_25_GHZ', ram='RAM_4GB', hdd='HDD_400GB', os='null', software='null'}" ]
}