{
  "uid" : "c5cae7321062dbf4",
  "name" : "Buying a standard computer",
  "fullName" : "tests.order.BuildStandardComputerTest.testBuildingStandardComputer",
  "historyId" : "61984b6d2409b71ef060033d59350ba6",
  "time" : {
    "start" : 1634166757485,
    "stop" : 1634166759891,
    "duration" : 2406
  },
  "description" : "Using a set of utils.data with different computer specs and check total price in cart",
  "descriptionHtml" : "<p>Using a set of utils.data with different computer specs and check total price in cart</p>\n",
  "status" : "failed",
  "statusMessage" : "[ERR] Total price is not correct! expected [900.0] but found [1350.0]",
  "statusTrace" : "java.lang.AssertionError: [ERR] Total price is not correct! expected [900.0] but found [1350.0]\n\tat org.testng.Assert.fail(Assert.java:99)\n\tat org.testng.Assert.failNotEquals(Assert.java:1037)\n\tat org.testng.Assert.assertEquals(Assert.java:701)\n\tat testflows.order.computer.BuyingComputerFlow.verifyComputerAdded(BuyingComputerFlow.java:68)\n\tat tests.order.BuildStandardComputerTest.testBuildingStandardComputer(BuildStandardComputerTest.java:29)\n\tat sun.reflect.NativeMethodAccessorImpl.invoke0(Native Method)\n\tat sun.reflect.NativeMethodAccessorImpl.invoke(NativeMethodAccessorImpl.java:62)\n\tat sun.reflect.DelegatingMethodAccessorImpl.invoke(DelegatingMethodAccessorImpl.java:43)\n\tat java.lang.reflect.Method.invoke(Method.java:498)\n\tat org.testng.internal.MethodInvocationHelper.invokeMethod(MethodInvocationHelper.java:133)\n\tat org.testng.internal.TestInvoker.invokeMethod(TestInvoker.java:598)\n\tat org.testng.internal.TestInvoker.invokeTestMethod(TestInvoker.java:173)\n\tat org.testng.internal.MethodRunner.runInSequence(MethodRunner.java:46)\n\tat org.testng.internal.TestInvoker$MethodInvocationAgent.invoke(TestInvoker.java:824)\n\tat org.testng.internal.TestInvoker.invokeTestMethods(TestInvoker.java:146)\n\tat org.testng.internal.TestMethodWorker.invokeTestMethods(TestMethodWorker.java:146)\n\tat org.testng.internal.TestMethodWorker.run(TestMethodWorker.java:128)\n\tat java.util.concurrent.ThreadPoolExecutor.runWorker(ThreadPoolExecutor.java:1149)\n\tat java.util.concurrent.ThreadPoolExecutor$Worker.run(ThreadPoolExecutor.java:624)\n\tat java.lang.Thread.run(Thread.java:748)\n",
  "flaky" : false,
  "newFailed" : false,
  "beforeStages" : [ {
    "name" : "instantiateDriverObject",
    "time" : {
      "start" : 1634166742415,
      "stop" : 1634166742424,
      "duration" : 9
    },
    "description" : "",
    "status" : "passed",
    "steps" : [ ],
    "attachments" : [ ],
    "parameters" : [ ],
    "stepsCount" : 0,
    "attachmentsCount" : 0,
    "shouldDisplayMessage" : false,
    "hasContent" : false
  } ],
  "testStage" : {
    "description" : "Using a set of utils.data with different computer specs and check total price in cart",
    "status" : "failed",
    "statusMessage" : "[ERR] Total price is not correct! expected [900.0] but found [1350.0]",
    "statusTrace" : "java.lang.AssertionError: [ERR] Total price is not correct! expected [900.0] but found [1350.0]\n\tat org.testng.Assert.fail(Assert.java:99)\n\tat org.testng.Assert.failNotEquals(Assert.java:1037)\n\tat org.testng.Assert.assertEquals(Assert.java:701)\n\tat testflows.order.computer.BuyingComputerFlow.verifyComputerAdded(BuyingComputerFlow.java:68)\n\tat tests.order.BuildStandardComputerTest.testBuildingStandardComputer(BuildStandardComputerTest.java:29)\n\tat sun.reflect.NativeMethodAccessorImpl.invoke0(Native Method)\n\tat sun.reflect.NativeMethodAccessorImpl.invoke(NativeMethodAccessorImpl.java:62)\n\tat sun.reflect.DelegatingMethodAccessorImpl.invoke(DelegatingMethodAccessorImpl.java:43)\n\tat java.lang.reflect.Method.invoke(Method.java:498)\n\tat org.testng.internal.MethodInvocationHelper.invokeMethod(MethodInvocationHelper.java:133)\n\tat org.testng.internal.TestInvoker.invokeMethod(TestInvoker.java:598)\n\tat org.testng.internal.TestInvoker.invokeTestMethod(TestInvoker.java:173)\n\tat org.testng.internal.MethodRunner.runInSequence(MethodRunner.java:46)\n\tat org.testng.internal.TestInvoker$MethodInvocationAgent.invoke(TestInvoker.java:824)\n\tat org.testng.internal.TestInvoker.invokeTestMethods(TestInvoker.java:146)\n\tat org.testng.internal.TestMethodWorker.invokeTestMethods(TestMethodWorker.java:146)\n\tat org.testng.internal.TestMethodWorker.run(TestMethodWorker.java:128)\n\tat java.util.concurrent.ThreadPoolExecutor.runWorker(ThreadPoolExecutor.java:1149)\n\tat java.util.concurrent.ThreadPoolExecutor$Worker.run(ThreadPoolExecutor.java:624)\n\tat java.lang.Thread.run(Thread.java:748)\n",
    "steps" : [ {
      "name" : "Select Processor type as INTEL_22_GHZ",
      "time" : {
        "start" : 1634166758202,
        "stop" : 1634166758317,
        "duration" : 115
      },
      "status" : "passed",
      "steps" : [ ],
      "attachments" : [ ],
      "parameters" : [ {
        "name" : "type",
        "value" : "INTEL_22_GHZ"
      } ],
      "stepsCount" : 0,
      "attachmentsCount" : 0,
      "shouldDisplayMessage" : false,
      "hasContent" : true
    }, {
      "name" : "Select ram capability as RAM_2GB",
      "time" : {
        "start" : 1634166758317,
        "stop" : 1634166758412,
        "duration" : 95
      },
      "status" : "passed",
      "steps" : [ ],
      "attachments" : [ ],
      "parameters" : [ {
        "name" : "type",
        "value" : "RAM_2GB"
      } ],
      "stepsCount" : 0,
      "attachmentsCount" : 0,
      "shouldDisplayMessage" : false,
      "hasContent" : true
    }, {
      "name" : "Select HDD with value HDD_400GB",
      "time" : {
        "start" : 1634166758413,
        "stop" : 1634166758456,
        "duration" : 43
      },
      "status" : "passed",
      "steps" : [ ],
      "attachments" : [ ],
      "parameters" : [ {
        "name" : "type",
        "value" : "HDD_400GB"
      } ],
      "stepsCount" : 0,
      "attachmentsCount" : 0,
      "shouldDisplayMessage" : false,
      "hasContent" : true
    }, {
      "name" : "Click on [Add to cart]",
      "time" : {
        "start" : 1634166758456,
        "stop" : 1634166758514,
        "duration" : 58
      },
      "status" : "passed",
      "steps" : [ ],
      "attachments" : [ ],
      "parameters" : [ ],
      "stepsCount" : 0,
      "attachmentsCount" : 0,
      "shouldDisplayMessage" : false,
      "hasContent" : false
    }, {
      "name" : "Wait for item added to cart",
      "time" : {
        "start" : 1634166758514,
        "stop" : 1634166759340,
        "duration" : 826
      },
      "status" : "passed",
      "steps" : [ {
        "name" : "Wait for item added to cart",
        "time" : {
          "start" : 1634166758514,
          "stop" : 1634166759340,
          "duration" : 826
        },
        "status" : "passed",
        "steps" : [ ],
        "attachments" : [ ],
        "parameters" : [ ],
        "stepsCount" : 0,
        "attachmentsCount" : 0,
        "shouldDisplayMessage" : false,
        "hasContent" : false
      } ],
      "attachments" : [ ],
      "parameters" : [ ],
      "stepsCount" : 1,
      "attachmentsCount" : 0,
      "shouldDisplayMessage" : false,
      "hasContent" : true
    }, {
      "name" : "Get current total price",
      "time" : {
        "start" : 1634166759869,
        "stop" : 1634166759890,
        "duration" : 21
      },
      "status" : "passed",
      "steps" : [ ],
      "attachments" : [ ],
      "parameters" : [ ],
      "stepsCount" : 0,
      "attachmentsCount" : 0,
      "shouldDisplayMessage" : false,
      "hasContent" : false
    } ],
    "attachments" : [ ],
    "parameters" : [ ],
    "stepsCount" : 7,
    "attachmentsCount" : 0,
    "shouldDisplayMessage" : true,
    "hasContent" : true
  },
  "afterStages" : [ {
    "name" : "afterMethod",
    "time" : {
      "start" : 1634166759892,
      "stop" : 1634166760247,
      "duration" : 355
    },
    "description" : "",
    "status" : "passed",
    "steps" : [ ],
    "attachments" : [ {
      "uid" : "5ae2f2fa4fecfd89",
      "name" : "testBuildingStandardComputer",
      "source" : "5ae2f2fa4fecfd89.png",
      "type" : "image/png",
      "size" : 289859
    } ],
    "parameters" : [ ],
    "stepsCount" : 0,
    "attachmentsCount" : 1,
    "shouldDisplayMessage" : false,
    "hasContent" : true
  }, {
    "name" : "clearCookies",
    "time" : {
      "start" : 1634166760311,
      "stop" : 1634166760490,
      "duration" : 179
    },
    "description" : "",
    "status" : "passed",
    "steps" : [ ],
    "attachments" : [ ],
    "parameters" : [ ],
    "stepsCount" : 0,
    "attachmentsCount" : 0,
    "shouldDisplayMessage" : false,
    "hasContent" : false
  } ],
  "labels" : [ {
    "name" : "package",
    "value" : "tests.order.BuildStandardComputerTest"
  }, {
    "name" : "testClass",
    "value" : "tests.order.BuildStandardComputerTest"
  }, {
    "name" : "testMethod",
    "value" : "testBuildingStandardComputer"
  }, {
    "name" : "parentSuite",
    "value" : "Regression"
  }, {
    "name" : "suite",
    "value" : "Computer Order flows"
  }, {
    "name" : "subSuite",
    "value" : "tests.order.BuildStandardComputerTest"
  }, {
    "name" : "host",
    "value" : "Tuyens-MacBook-Pro-4.local"
  }, {
    "name" : "thread",
    "value" : "50793@Tuyens-MacBook-Pro-4.local.TestNG-test=Computer Order flows-2(16)"
  }, {
    "name" : "framework",
    "value" : "testng"
  }, {
    "name" : "language",
    "value" : "java"
  }, {
    "name" : "resultFormat",
    "value" : "allure2"
  } ],
  "parameters" : [ {
    "name" : "arg0",
    "value" : "CheapComputer{processorType='INTEL_22_GHZ', ram='RAM_2GB', hdd='HDD_400GB', os='null', software='null'}"
  } ],
  "links" : [ ],
  "hidden" : false,
  "retry" : false,
  "extra" : {
    "severity" : "normal",
    "retries" : [ ],
    "categories" : [ {
      "name" : "Product defects",
      "matchedStatuses" : [ ],
      "flaky" : false
    } ],
    "tags" : [ ]
  },
  "source" : "c5cae7321062dbf4.json",
  "parameterValues" : [ "CheapComputer{processorType='INTEL_22_GHZ', ram='RAM_2GB', hdd='HDD_400GB', os='null', software='null'}" ]
}